<?xml version="1.0" encoding="UTF-8"?>
<testsuites tests="20" failures="0" disabled="0" errors="0" timestamp="2022-12-24T17:22:02" time="60.404" name="AllTests">
  <testsuite name="HvacInterfaceTest" tests="20" failures="0" disabled="0" errors="0" time="60.401">
    <testcase name="TCx0100Monitor_Init_mock1" status="run" time="0" classname="HvacInterfaceTest" />
    <testcase name="TCx0101Monitor_Init_mock2" status="run" time="0" classname="HvacInterfaceTest" />
    <testcase name="TCx0101Monitor_Init_cleanup_mock2" status="run" time="0" classname="HvacInterfaceTest" />
    <testcase name="TCx0102Monitor_Init_ac_on" status="run" time="0.106" classname="HvacInterfaceTest" />
    <testcase name="TCx0103Monitor_Init_ac_on_off" status="run" time="0.22" classname="HvacInterfaceTest" />
    <testcase name="TCx0103Monitor_Init_ac_on_off_loop" status="run" time="21.902" classname="HvacInterfaceTest" />
    <testcase name="TCx0103Monitor_Init_ac_on_loop" status="run" time="0.111" classname="HvacInterfaceTest" />
    <testcase name="TCx0103Monitor_Init_ac_off_loop" status="run" time="0.01" classname="HvacInterfaceTest" />
    <testcase name="TCx0103Monitor_Init_ac_init_on_off_cleanup_loop" status="run" time="21.631" classname="HvacInterfaceTest" />
    <testcase name="TCx0103Monitor_change_temp" status="run" time="0.001" classname="HvacInterfaceTest" />
    <testcase name="TCx0103Monitor_change_temp_out_of_bounds" status="run" time="0.001" classname="HvacInterfaceTest" />
    <testcase name="TCx0103Monitor_change_max_limit" status="run" time="0.001" classname="HvacInterfaceTest" />
    <testcase name="TCx0103Monitor_monitor_temp_normal" status="run" time="0.317" classname="HvacInterfaceTest" />
    <testcase name="TCx0103Monitor_monitor_temp_normal_cooling_on" status="run" time="0.322" classname="HvacInterfaceTest" />
    <testcase name="TCx0103Monitor_monitor_temp_heating_cooling_off" status="run" time="0.228" classname="HvacInterfaceTest" />
    <testcase name="TCx0103Monitor_monitor_temp_alternate_heating_cooling" status="run" time="1.292" classname="HvacInterfaceTest" />
    <testcase name="TCx0103Monitor_monitor_temp_max_float_limit" status="run" time="0.427" classname="HvacInterfaceTest" />
    <testcase name="TCx0103Monitor_monitor_temp_huge_data" status="run" time="0.385" classname="HvacInterfaceTest" />
    <testcase name="TCx0103Monitor_monitor_temp_huge_data_default_min_max_temp" status="run" time="7.633" classname="HvacInterfaceTest" />
    <testcase name="TCx0100Monitor_AC_ON_OFF_monitor" status="run" time="5.762" classname="HvacInterfaceTest" />
  </testsuite>
</testsuites>
